[    6667ms] [ERROR] Failed to load resource: net::ERR_CONNECTION_RESET @ https://us12.admin.mailchimp.com/autolyse/index.php/twirp/mailchimp.i18n.v1.I18nService/GetTranslations:0
[    6671ms] [ERROR] Failed to load resource: net::ERR_CONNECTION_RESET @ https://us12.admin.mailchimp.com/autolyse/index.php/twirp/mailchimp.i18n.v1.I18nService/GetTranslations:0
[    7454ms] [ERROR] Failed to activate experiment cc-all-campaigns-integration-connection: TypeError: Failed to fetch
    at t.fetch (https://us12.admin.mailchimp.com/release/dist/js-src/73550.ab2c6c14344a6302.js:4:5195)
    at https://us12.admin.mailchimp.com/release/dist/js-src/73550.ab2c6c14344a6302.js:1:40010
    at new Promise (<anonymous>)
    at h.fetch (https://us12.admin.mailchimp.com/release/dist/js-src/73550.ab2c6c14344a6302.js:1:39982)
    at e (https://edge.fullstory.com/s/fs.js:4:31202)
    at m.<computed>.m.<computed> (<anonymous>:45:142)
    at https://plugin.intuitcdn.net/web-shell/5.160.2/integration/912.js:1:5075 @ https://us12.admin.mailchimp.com/release/dist/js-src/73550.ab2c6c14344a6302.js:0
[    7456ms] [ERROR] Failed to activate experiment eee-11093-nuni_bulk_dynamic_discounts: TypeError: Failed to fetch
    at t.fetch (https://us12.admin.mailchimp.com/release/dist/js-src/73550.ab2c6c14344a6302.js:4:5195)
    at https://us12.admin.mailchimp.com/release/dist/js-src/73550.ab2c6c14344a6302.js:1:40010
    at new Promise (<anonymous>)
    at h.fetch (https://us12.admin.mailchimp.com/release/dist/js-src/73550.ab2c6c14344a6302.js:1:39982)
    at e (https://edge.fullstory.com/s/fs.js:4:31202)
    at m.<computed>.m.<computed> (<anonymous>:45:142)
    at https://plugin.intuitcdn.net/web-shell/5.160.2/integration/912.js:1:5075 @ https://us12.admin.mailchimp.com/release/dist/js-src/73550.ab2c6c14344a6302.js:0
[   13343ms] [LOG] All core plugins started... @ https://us12.admin.mailchimp.com/release/dist/js-src/73550.ab2c6c14344a6302.js:0
[   13381ms] [LOG] Plugins registered... @ https://us12.admin.mailchimp.com/release/dist/js-src/73550.ab2c6c14344a6302.js:0
[   13384ms] [LOG] WebEvents: initing_WebEvents : {"url":"wss://eventinggateway.api.intuit.com/v1/webevents","config":"{\"enabled\":true,\"url\":\"wss://eventinggateway.api.intuit.com/v1/webevents\",\"connectionType\":\"WSS\",\"authType\":\"OAuth2\"}"} @ https://us12.admin.mailchimp.com/release/dist/js-src/73550.ab2c6c14344a6302.js:0
[   13385ms] [LOG] Application before-ready completed... @ https://us12.admin.mailchimp.com/release/dist/js-src/73550.ab2c6c14344a6302.js:0
[   13393ms] [LOG] Application ready... @ https://us12.admin.mailchimp.com/release/dist/js-src/73550.ab2c6c14344a6302.js:0
[   13396ms] [LOG] default delegate action handler  {typeName: webShellEvent.handle, category: webShellEvent, command: handle, payload: Object, context: Object} @ https://us12.admin.mailchimp.com/release/dist/js-src/73550.ab2c6c14344a6302.js:0
[   13523ms] [LOG] Queuing a session check in  1200 @ https://us12.admin.mailchimp.com/release/dist/js-src/73550.ab2c6c14344a6302.js:0
[   13546ms] [LOG] Shell - successfully initialized RUM module {msgProps: Object, appProps: null, context: Object, queued: true, flushLogsImmediately: false} @ https://us12.admin.mailchimp.com/release/dist/js-src/73550.ab2c6c14344a6302.js:0
[   13603ms] [LOG] widget-request-start {msgProps: Object, appProps: null, context: Object, queued: false, flushLogsImmediately: false} @ https://us12.admin.mailchimp.com/release/dist/js-src/73550.ab2c6c14344a6302.js:0
[   13606ms] [LOG] widget-request-start {msgProps: Object, appProps: null, context: Object, queued: false, flushLogsImmediately: false} @ https://us12.admin.mailchimp.com/release/dist/js-src/73550.ab2c6c14344a6302.js:0
[   13609ms] [LOG] widget-load-start {msgProps: Object, appProps: null, context: Object, queued: false, flushLogsImmediately: false} @ https://us12.admin.mailchimp.com/release/dist/js-src/73550.ab2c6c14344a6302.js:0
[   13611ms] [LOG] widget-load-start {msgProps: Object, appProps: null, context: Object, queued: false, flushLogsImmediately: false} @ https://us12.admin.mailchimp.com/release/dist/js-src/73550.ab2c6c14344a6302.js:0
[   13734ms] [WARNING] Unsatisfied version 17.0.2 from ADKJSONP of shared singleton module react (required =18.3.1) @ https://us12.admin.mailchimp.com/release/dist/js-src/73550.ab2c6c14344a6302.js:0
[   13735ms] [WARNING] Unsatisfied version 17.0.2 from ADKJSONP of shared singleton module react-dom (required =18.3.1) @ https://us12.admin.mailchimp.com/release/dist/js-src/73550.ab2c6c14344a6302.js:0
[   13746ms] [WARNING] Unsatisfied version 9.104.0 from ADKJSONP of shared singleton module @appfabric/web-shell-core/widgets/BaseWidget (required =9.43.1) @ https://us12.admin.mailchimp.com/release/dist/js-src/73550.ab2c6c14344a6302.js:0
[   13747ms] [WARNING] Unsatisfied version 17.0.2 from ADKJSONP of shared singleton module react (required =18.3.1) @ https://us12.admin.mailchimp.com/release/dist/js-src/73550.ab2c6c14344a6302.js:0
[   14195ms] [WARNING] Unsatisfied version 17.0.2 from ADKJSONP of shared singleton module react (required ^18.2.0) @ https://us12.admin.mailchimp.com/release/dist/js-src/73550.ab2c6c14344a6302.js:0
[   14197ms] [WARNING] Unsatisfied version 9.104.0 from ADKJSONP of shared singleton module @appfabric/web-shell-core/widgets/BaseWidget (required ^7.32.1) @ https://us12.admin.mailchimp.com/release/dist/js-src/73550.ab2c6c14344a6302.js:0
[   14203ms] [WARNING] Unsatisfied version 4.4.1 from ADKJSONP of shared singleton module @design-systems/theme (required =3.7.0) @ https://us12.admin.mailchimp.com/release/dist/js-src/73550.ab2c6c14344a6302.js:0
[   14544ms] [LOG] widget-load-end {msgProps: Object, appProps: null, context: Object, queued: false, flushLogsImmediately: false} @ https://us12.admin.mailchimp.com/release/dist/js-src/73550.ab2c6c14344a6302.js:0
[   14563ms] [LOG] widget-mount {msgProps: Object, appProps: null, context: Object, queued: false, flushLogsImmediately: false} @ https://us12.admin.mailchimp.com/release/dist/js-src/73550.ab2c6c14344a6302.js:0
[   14581ms] [LOG] widget-first-display {msgProps: Object, appProps: null, context: Object, queued: false, flushLogsImmediately: false} @ https://us12.admin.mailchimp.com/release/dist/js-src/73550.ab2c6c14344a6302.js:0
[   14585ms] [LOG] widget-ready {msgProps: Object, appProps: null, context: Object, queued: false, flushLogsImmediately: false} @ https://us12.admin.mailchimp.com/release/dist/js-src/73550.ab2c6c14344a6302.js:0
[   14656ms] [LOG] FAB Orchestrator has loaded {msgProps: Object, appProps: null, context: Object, queued: false, flushLogsImmediately: false} @ https://us12.admin.mailchimp.com/release/dist/js-src/73550.ab2c6c14344a6302.js:0
[   14666ms] [LOG] User does not have DIWM or BizTax entitlement, skipping expert match {msgProps: null, appProps: null, context: Object, queued: false, flushLogsImmediately: false} @ https://us12.admin.mailchimp.com/release/dist/js-src/73550.ab2c6c14344a6302.js:0
[   14677ms] [LOG] widget-load-end {msgProps: Object, appProps: null, context: Object, queued: false, flushLogsImmediately: false} @ https://us12.admin.mailchimp.com/release/dist/js-src/73550.ab2c6c14344a6302.js:0
[   14686ms] [LOG] widget-first-display {msgProps: Object, appProps: null, context: Object, queued: false, flushLogsImmediately: false} @ https://us12.admin.mailchimp.com/release/dist/js-src/73550.ab2c6c14344a6302.js:0
[   14688ms] [LOG] widget-ready {msgProps: Object, appProps: null, context: Object, queued: false, flushLogsImmediately: false} @ https://us12.admin.mailchimp.com/release/dist/js-src/73550.ab2c6c14344a6302.js:0
[   14699ms] [LOG] widget-mount {msgProps: Object, appProps: null, context: Object, queued: false, flushLogsImmediately: false} @ https://us12.admin.mailchimp.com/release/dist/js-src/73550.ab2c6c14344a6302.js:0
[   14726ms] [WARNING] TypeError: Cannot read properties of undefined (reading 'load')
    at runIntercept (https://rs.fullstory.com/rec/integrations?OrgId=ZHBMT&isInFrame=false&isNative=false:78:15)
    at https://rs.fullstory.com/rec/integrations?OrgId=ZHBMT&isInFrame=false&isNative=false:104:5
    at https://rs.fullstory.com/rec/integrations?OrgId=ZHBMT&isInFrame=false&isNative=false:109:3 @ https://us12.admin.mailchimp.com/release/dist/js-src/73550.ab2c6c14344a6302.js:0
[   14741ms] [WARNING] module=Entitlements message=oihsAppAdapter.entitlements.getEntitlements is not implemented {msgProps: null, appProps: null, context: Object, queued: false, flushLogsImmediately: false} @ https://us12.admin.mailchimp.com/release/dist/js-src/73550.ab2c6c14344a6302.js:0
[   14787ms] [WARNING] Unsatisfied version 17.0.2 from ADKJSONP of shared singleton module react-dom (required ^18.2.0) @ https://us12.admin.mailchimp.com/release/dist/js-src/73550.ab2c6c14344a6302.js:0
[   14889ms] [LOG] widget-request-start {msgProps: Object, appProps: null, context: Object, queued: false, flushLogsImmediately: false} @ https://us12.admin.mailchimp.com/release/dist/js-src/73550.ab2c6c14344a6302.js:0
[   14894ms] [LOG] widget-load-start {msgProps: Object, appProps: null, context: Object, queued: false, flushLogsImmediately: false} @ https://us12.admin.mailchimp.com/release/dist/js-src/73550.ab2c6c14344a6302.js:0
[   14900ms] [LOG] widget-request-start {msgProps: Object, appProps: null, context: Object, queued: false, flushLogsImmediately: false} @ https://us12.admin.mailchimp.com/release/dist/js-src/73550.ab2c6c14344a6302.js:0
[   14903ms] [LOG] widget-load-start {msgProps: Object, appProps: null, context: Object, queued: false, flushLogsImmediately: false} @ https://us12.admin.mailchimp.com/release/dist/js-src/73550.ab2c6c14344a6302.js:0
[   14941ms] [WARNING] Unsatisfied version 17.0.2 from ADKJSONP of shared singleton module react (required =18.3.1) @ https://us12.admin.mailchimp.com/release/dist/js-src/73550.ab2c6c14344a6302.js:0
[   14947ms] [WARNING] Unsatisfied version 17.0.2 from ADKJSONP of shared singleton module react-dom (required =18.3.1) @ https://us12.admin.mailchimp.com/release/dist/js-src/73550.ab2c6c14344a6302.js:0
[   15083ms] [LOG] FAB widget mounted. {msgProps: null, appProps: null, context: Object, queued: false, flushLogsImmediately: false} @ https://us12.admin.mailchimp.com/release/dist/js-src/73550.ab2c6c14344a6302.js:0
[   15118ms] [LOG] widget-load-end {msgProps: Object, appProps: null, context: Object, queued: false, flushLogsImmediately: false} @ https://us12.admin.mailchimp.com/release/dist/js-src/73550.ab2c6c14344a6302.js:0
[   15124ms] [LOG] widget-mount {msgProps: Object, appProps: null, context: Object, queued: false, flushLogsImmediately: false} @ https://us12.admin.mailchimp.com/release/dist/js-src/73550.ab2c6c14344a6302.js:0
[   15128ms] [LOG] widget-ready {msgProps: Object, appProps: null, context: Object, queued: false, flushLogsImmediately: false} @ https://us12.admin.mailchimp.com/release/dist/js-src/73550.ab2c6c14344a6302.js:0
[   15189ms] [LOG] FAB interactive state set {msgProps: Object, appProps: null, context: Object, queued: false, flushLogsImmediately: false} @ https://us12.admin.mailchimp.com/release/dist/js-src/73550.ab2c6c14344a6302.js:0
[   15194ms] [LOG] oihs-performance:oihs:load:one-intuit-help-system/fab {msgProps: Object, appProps: null, context: Object, queued: false, flushLogsImmediately: false} @ https://us12.admin.mailchimp.com/release/dist/js-src/73550.ab2c6c14344a6302.js:0
[   15384ms] [LOG] widget-first-display {msgProps: Object, appProps: null, context: Object, queued: false, flushLogsImmediately: false} @ https://us12.admin.mailchimp.com/release/dist/js-src/73550.ab2c6c14344a6302.js:0
[   15389ms] [LOG] widget-ready {msgProps: Object, appProps: null, context: Object, queued: false, flushLogsImmediately: false} @ https://us12.admin.mailchimp.com/release/dist/js-src/73550.ab2c6c14344a6302.js:0
[   15406ms] [LOG] oihs-performance:oihs:load:conversation-hub-web/rehydrator {msgProps: Object, appProps: null, context: Object, queued: false, flushLogsImmediately: false} @ https://us12.admin.mailchimp.com/release/dist/js-src/73550.ab2c6c14344a6302.js:0
[   15408ms] [LOG] widget-load-end {msgProps: Object, appProps: null, context: Object, queued: false, flushLogsImmediately: false} @ https://us12.admin.mailchimp.com/release/dist/js-src/73550.ab2c6c14344a6302.js:0
[   15413ms] [LOG] widget-mount {msgProps: Object, appProps: null, context: Object, queued: false, flushLogsImmediately: false} @ https://us12.admin.mailchimp.com/release/dist/js-src/73550.ab2c6c14344a6302.js:0
[   15450ms] [LOG] widget-first-display {msgProps: Object, appProps: null, context: Object, queued: false, flushLogsImmediately: false} @ https://us12.admin.mailchimp.com/release/dist/js-src/73550.ab2c6c14344a6302.js:0
[   15452ms] [LOG] widget-ready {msgProps: Object, appProps: null, context: Object, queued: false, flushLogsImmediately: false} @ https://us12.admin.mailchimp.com/release/dist/js-src/73550.ab2c6c14344a6302.js:0
[   15477ms] [LOG] CONVERSATION_REHYDRATOR_CUSTOMER_JOINED_SUBSCRIBE:OWNER=UNKNOWN {msgProps: Object, appProps: null, context: Object, queued: false, flushLogsImmediately: false} @ https://us12.admin.mailchimp.com/release/dist/js-src/73550.ab2c6c14344a6302.js:0
[   15481ms] [LOG] CONVERSATION_REHYDRATOR_CUSTOMER_JOINED_SUBSCRIBE_SUCCESS:OWNER=UNKNOWN {msgProps: Object, appProps: null, context: Object, queued: false, flushLogsImmediately: false} @ https://us12.admin.mailchimp.com/release/dist/js-src/73550.ab2c6c14344a6302.js:0
[   15485ms] [LOG] CONVERSATION_REHYDRATOR_CUSTOMER_INITIATED_MEETING_SUBSCRIBE:OWNER=UNKNOWN {msgProps: Object, appProps: null, context: Object, queued: false, flushLogsImmediately: false} @ https://us12.admin.mailchimp.com/release/dist/js-src/73550.ab2c6c14344a6302.js:0
[   15487ms] [LOG] CONVERSATION_REHYDRATOR_CUSTOMER_INITIATED_MEETING_SUBSCRIBE_SUCCESS:OWNER=UNKNOWN {msgProps: Object, appProps: null, context: Object, queued: false, flushLogsImmediately: false} @ https://us12.admin.mailchimp.com/release/dist/js-src/73550.ab2c6c14344a6302.js:0
[   15510ms] [LOG] SMARTLOOK_SUCCESSFULLY_FETCHED_ALL_FEATURE_FLAGS {msgProps: Object, appProps: null, context: Object, queued: false, flushLogsImmediately: false} @ https://us12.admin.mailchimp.com/release/dist/js-src/73550.ab2c6c14344a6302.js:0
[   15531ms] [LOG] widget-request-start {msgProps: Object, appProps: null, context: Object, queued: false, flushLogsImmediately: false} @ https://us12.admin.mailchimp.com/release/dist/js-src/73550.ab2c6c14344a6302.js:0
[   15535ms] [LOG] widget-load-start {msgProps: Object, appProps: null, context: Object, queued: false, flushLogsImmediately: false} @ https://us12.admin.mailchimp.com/release/dist/js-src/73550.ab2c6c14344a6302.js:0
[   15544ms] [LOG] widget-load-end {msgProps: Object, appProps: null, context: Object, queued: false, flushLogsImmediately: false} @ https://us12.admin.mailchimp.com/release/dist/js-src/73550.ab2c6c14344a6302.js:0
[   15808ms] [LOG] widget-mount {msgProps: Object, appProps: null, context: Object, queued: false, flushLogsImmediately: false} @ https://us12.admin.mailchimp.com/release/dist/js-src/73550.ab2c6c14344a6302.js:0
[   15820ms] [LOG] widget-first-display {msgProps: Object, appProps: null, context: Object, queued: false, flushLogsImmediately: false} @ https://us12.admin.mailchimp.com/release/dist/js-src/73550.ab2c6c14344a6302.js:0
[   15823ms] [LOG] widget-ready {msgProps: Object, appProps: null, context: Object, queued: false, flushLogsImmediately: false} @ https://us12.admin.mailchimp.com/release/dist/js-src/73550.ab2c6c14344a6302.js:0
[   15830ms] [LOG] widget-ready {msgProps: Object, appProps: null, context: Object, queued: false, flushLogsImmediately: false} @ https://us12.admin.mailchimp.com/release/dist/js-src/73550.ab2c6c14344a6302.js:0
[   15834ms] [LOG] widget-request-start {msgProps: Object, appProps: null, context: Object, queued: false, flushLogsImmediately: false} @ https://us12.admin.mailchimp.com/release/dist/js-src/73550.ab2c6c14344a6302.js:0
[   15839ms] [LOG] widget-load-start {msgProps: Object, appProps: null, context: Object, queued: false, flushLogsImmediately: false} @ https://us12.admin.mailchimp.com/release/dist/js-src/73550.ab2c6c14344a6302.js:0
[   16718ms] [LOG] widget-load-end {msgProps: Object, appProps: null, context: Object, queued: false, flushLogsImmediately: false} @ https://us12.admin.mailchimp.com/release/dist/js-src/73550.ab2c6c14344a6302.js:0
[   16728ms] [LOG] Cobrowse Host Widget Rendered {msgProps: Object, appProps: null, context: Object, queued: false, flushLogsImmediately: false} @ https://us12.admin.mailchimp.com/release/dist/js-src/73550.ab2c6c14344a6302.js:0
[   16748ms] [LOG] widget-mount {msgProps: Object, appProps: null, context: Object, queued: false, flushLogsImmediately: false} @ https://us12.admin.mailchimp.com/release/dist/js-src/73550.ab2c6c14344a6302.js:0
[   16752ms] [LOG] widget-first-display {msgProps: Object, appProps: null, context: Object, queued: false, flushLogsImmediately: false} @ https://us12.admin.mailchimp.com/release/dist/js-src/73550.ab2c6c14344a6302.js:0
[   16755ms] [LOG] widget-ready {msgProps: Object, appProps: null, context: Object, queued: false, flushLogsImmediately: false} @ https://us12.admin.mailchimp.com/release/dist/js-src/73550.ab2c6c14344a6302.js:0
[   16776ms] [LOG] widget-ready {msgProps: Object, appProps: null, context: Object, queued: false, flushLogsImmediately: false} @ https://us12.admin.mailchimp.com/release/dist/js-src/73550.ab2c6c14344a6302.js:0
[   16780ms] [LOG] widget-ready {msgProps: Object, appProps: null, context: Object, queued: false, flushLogsImmediately: false} @ https://us12.admin.mailchimp.com/release/dist/js-src/73550.ab2c6c14344a6302.js:0
[   17260ms] [LOG] [Prepare Global Cache Window] polyfillScript loaded @ https://us12.admin.mailchimp.com/release/dist/js-src/73550.ab2c6c14344a6302.js:0
[   17309ms] [LOG] [42m%s[0m client-core: Topest iframe: https://us12.admin.mailchimp.com @ https://us12.admin.mailchimp.com/release/dist/js-src/73550.ab2c6c14344a6302.js:0
[   17502ms] [WARNING] getZmTrackingId failed, generate new zmTrackingId: undefined @ https://us12.admin.mailchimp.com/release/dist/js-src/73550.ab2c6c14344a6302.js:0
[   18024ms] [LOG] zmTrackingId 63c5c83d-1cb6-4a10-99ed-e5c5f83e6106 @ https://us12.admin.mailchimp.com/release/dist/js-src/73550.ab2c6c14344a6302.js:0
[   18024ms] [LOG] zmDeviceId eafff1b2-de7a-4fa2-8247-4ed2352b7cda @ https://us12.admin.mailchimp.com/release/dist/js-src/73550.ab2c6c14344a6302.js:0
[   18032ms] [WARNING] react-i18next:: You will need to pass in an i18next instance by using initReactI18next @ https://us12.admin.mailchimp.com/release/dist/js-src/73550.ab2c6c14344a6302.js:0
[   18062ms] [LOG] SMARTLOOK_CUSTOMER_ZOOM_SDK_LOADED {msgProps: Object, appProps: null, context: Object, queued: false, flushLogsImmediately: false} @ https://us12.admin.mailchimp.com/release/dist/js-src/73550.ab2c6c14344a6302.js:0
[   18068ms] [LOG] SMARTLOOK_CUSTOMER_ZOOM_SCRIPT_LOAD_SUCCESS {msgProps: Object, appProps: null, context: Object, queued: false, flushLogsImmediately: false} @ https://us12.admin.mailchimp.com/release/dist/js-src/73550.ab2c6c14344a6302.js:0
[   18212ms] [LOG] FAB interactive state set {msgProps: Object, appProps: null, context: Object, queued: false, flushLogsImmediately: false} @ https://us12.admin.mailchimp.com/release/dist/js-src/73550.ab2c6c14344a6302.js:0
[   23187ms] [LOG] CONVERSATION_REHYDRATOR_BEARER_TOKEN_SUCCESS:OWNER=UNKNOWN {msgProps: Object, appProps: null, context: Object, queued: false, flushLogsImmediately: false} @ https://us12.admin.mailchimp.com/release/dist/js-src/73550.ab2c6c14344a6302.js:0
[   23190ms] [LOG] AuthId found in storage, skipping identity call:OWNER=UNKNOWN {msgProps: Object, appProps: null, context: Object, queued: false, flushLogsImmediately: false} @ https://us12.admin.mailchimp.com/release/dist/js-src/73550.ab2c6c14344a6302.js:0
[   23216ms] [LOG] WebEvents: loading controller {} @ https://us12.admin.mailchimp.com/release/dist/js-src/73550.ab2c6c14344a6302.js:0
[   23224ms] [LOG] WebEvents: importing_and_initializing_pubsub_and_transport {} @ https://us12.admin.mailchimp.com/release/dist/js-src/73550.ab2c6c14344a6302.js:0
[   23229ms] [LOG] WebEvents: getting_transport_code {} @ https://us12.admin.mailchimp.com/release/dist/js-src/73550.ab2c6c14344a6302.js:0
[   23251ms] [LOG] widget-request-start {msgProps: Object, appProps: null, context: Object, queued: false, flushLogsImmediately: false} @ https://us12.admin.mailchimp.com/release/dist/js-src/73550.ab2c6c14344a6302.js:0
[   23254ms] [LOG] widget-load-start {msgProps: Object, appProps: null, context: Object, queued: false, flushLogsImmediately: false} @ https://us12.admin.mailchimp.com/release/dist/js-src/73550.ab2c6c14344a6302.js:0
[   23286ms] [LOG] CONVERSATION_REHYDRATOR_CUSTOMER_JOINED_SUBSCRIBE:OWNER=UNKNOWN {msgProps: Object, appProps: null, context: Object, queued: false, flushLogsImmediately: false} @ https://us12.admin.mailchimp.com/release/dist/js-src/73550.ab2c6c14344a6302.js:0
[   23289ms] [LOG] CONVERSATION_REHYDRATOR_CUSTOMER_JOINED_SUBSCRIBE_SUCCESS:OWNER=UNKNOWN {msgProps: Object, appProps: null, context: Object, queued: false, flushLogsImmediately: false} @ https://us12.admin.mailchimp.com/release/dist/js-src/73550.ab2c6c14344a6302.js:0
[   23307ms] [LOG] CONVERSATION_REHYDRATOR_CUSTOMER_INITIATED_MEETING_SUBSCRIBE:OWNER=UNKNOWN {msgProps: Object, appProps: null, context: Object, queued: false, flushLogsImmediately: false} @ https://us12.admin.mailchimp.com/release/dist/js-src/73550.ab2c6c14344a6302.js:0
[   23311ms] [LOG] CONVERSATION_REHYDRATOR_CUSTOMER_INITIATED_MEETING_SUBSCRIBE_SUCCESS:OWNER=UNKNOWN {msgProps: Object, appProps: null, context: Object, queued: false, flushLogsImmediately: false} @ https://us12.admin.mailchimp.com/release/dist/js-src/73550.ab2c6c14344a6302.js:0
[   23314ms] [LOG] conversation_rehydration:OWNER=UNKNOWN {msgProps: Object, appProps: null, context: Object, queued: false, flushLogsImmediately: false} @ https://us12.admin.mailchimp.com/release/dist/js-src/73550.ab2c6c14344a6302.js:0
[   26677ms] [LOG] Queuing a session check in  1200 @ https://us12.admin.mailchimp.com/release/dist/js-src/73550.ab2c6c14344a6302.js:0
[   30074ms] [LOG] https://uxfabric.app.intuit.com/v3/appfabric-integration/lib/ipd-integrations-webapp?appfabric_version=5.160.2 @ https://us12.admin.mailchimp.com/i/reports/:785
