[    1888ms] ReferenceError: requireLazy is not defined
    at https://business.facebook.com/latest/insights/overview/?asset_id=100064066803375:6:26
[    1889ms] ReferenceError: requireLazy is not defined
    at https://business.facebook.com/latest/insights/overview/?asset_id=100064066803375:6:30961
[    1892ms] ReferenceError: requireLazy is not defined
    at https://business.facebook.com/latest/insights/overview/?asset_id=100064066803375:7:26
[    1894ms] ReferenceError: requireLazy is not defined
    at https://business.facebook.com/latest/insights/overview/?asset_id=100064066803375:8:26
[    1895ms] ReferenceError: requireLazy is not defined
    at https://business.facebook.com/latest/insights/overview/?asset_id=100064066803375:9:26
[    1900ms] ReferenceError: requireLazy is not defined
    at https://business.facebook.com/latest/insights/overview/?asset_id=100064066803375:29:57
[    1903ms] ReferenceError: requireLazy is not defined
    at https://business.facebook.com/latest/insights/overview/?asset_id=100064066803375:30:54
    at https://business.facebook.com/latest/insights/overview/?asset_id=100064066803375:30:150
[    1904ms] ReferenceError: requireLazy is not defined
    at https://business.facebook.com/latest/insights/overview/?asset_id=100064066803375:31:26
[    1905ms] ReferenceError: requireLazy is not defined
    at https://business.facebook.com/latest/insights/overview/?asset_id=100064066803375:32:26
[    1906ms] ReferenceError: requireLazy is not defined
    at https://business.facebook.com/latest/insights/overview/?asset_id=100064066803375:32:175
    at https://business.facebook.com/latest/insights/overview/?asset_id=100064066803375:32:270
[    1908ms] ReferenceError: requireLazy is not defined
    at https://business.facebook.com/latest/insights/overview/?asset_id=100064066803375:33:26
[    9746ms] [WARNING] The resource https://static.xx.fbcdn.net/rsrc.php/v4/yz/r/aKVT_sFJnpF.js was preloaded using link preload but not used within a few seconds from the window's load event. Please make sure it has an appropriate `as` value and it is preloaded intentionally. @ https://business.facebook.com/latest/insights/overview/?asset_id=100064066803375:0
[    9746ms] [WARNING] The resource https://static.xx.fbcdn.net/rsrc.php/v4iLpP4/yd/l/en_US-j/rHEkUxCNg4z.js was preloaded using link preload but not used within a few seconds from the window's load event. Please make sure it has an appropriate `as` value and it is preloaded intentionally. @ https://business.facebook.com/latest/insights/overview/?asset_id=100064066803375:0
[    9746ms] [WARNING] The resource https://static.xx.fbcdn.net/rsrc.php/v4/yD/r/SrAIv9ncT3J.js was preloaded using link preload but not used within a few seconds from the window's load event. Please make sure it has an appropriate `as` value and it is preloaded intentionally. @ https://business.facebook.com/latest/insights/overview/?asset_id=100064066803375:0
[    9746ms] [WARNING] The resource https://static.xx.fbcdn.net/rsrc.php/v4iJRM4/yA/l/en_US-j/kUXSVADLuhb.js was preloaded using link preload but not used within a few seconds from the window's load event. Please make sure it has an appropriate `as` value and it is preloaded intentionally. @ https://business.facebook.com/latest/insights/overview/?asset_id=100064066803375:0
[    9746ms] [WARNING] The resource https://static.xx.fbcdn.net/rsrc.php/v4/yv/r/sIiGX-f6zhv.js was preloaded using link preload but not used within a few seconds from the window's load event. Please make sure it has an appropriate `as` value and it is preloaded intentionally. @ https://business.facebook.com/latest/insights/overview/?asset_id=100064066803375:0
[    9746ms] [WARNING] The resource https://static.xx.fbcdn.net/rsrc.php/v4iJVq4/y4/l/en_US-j/pNdqhHKd5sN.js was preloaded using link preload but not used within a few seconds from the window's load event. Please make sure it has an appropriate `as` value and it is preloaded intentionally. @ https://business.facebook.com/latest/insights/overview/?asset_id=100064066803375:0
[    9746ms] [WARNING] The resource https://static.xx.fbcdn.net/rsrc.php/v4/y1/r/cNVGayb4t_2.js was preloaded using link preload but not used within a few seconds from the window's load event. Please make sure it has an appropriate `as` value and it is preloaded intentionally. @ https://business.facebook.com/latest/insights/overview/?asset_id=100064066803375:0
[    9746ms] [WARNING] The resource https://static.xx.fbcdn.net/rsrc.php/v4/yw/r/3xT9vF1OpPY.js was preloaded using link preload but not used within a few seconds from the window's load event. Please make sure it has an appropriate `as` value and it is preloaded intentionally. @ https://business.facebook.com/latest/insights/overview/?asset_id=100064066803375:0
[    9747ms] [WARNING] The resource https://static.xx.fbcdn.net/rsrc.php/v4/yZ/r/O45KBHccZBI.js was preloaded using link preload but not used within a few seconds from the window's load event. Please make sure it has an appropriate `as` value and it is preloaded intentionally. @ https://business.facebook.com/latest/insights/overview/?asset_id=100064066803375:0
[    9747ms] [WARNING] The resource https://static.xx.fbcdn.net/rsrc.php/v4/y9/r/x5BPKvsAVip.js was preloaded using link preload but not used within a few seconds from the window's load event. Please make sure it has an appropriate `as` value and it is preloaded intentionally. @ https://business.facebook.com/latest/insights/overview/?asset_id=100064066803375:0
[    9747ms] [WARNING] The resource https://static.xx.fbcdn.net/rsrc.php/v4/yK/r/y3UASupc0mW.js was preloaded using link preload but not used within a few seconds from the window's load event. Please make sure it has an appropriate `as` value and it is preloaded intentionally. @ https://business.facebook.com/latest/insights/overview/?asset_id=100064066803375:0
[    9747ms] [WARNING] The resource https://static.xx.fbcdn.net/rsrc.php/v4/y5/r/51w326kl5gy.js was preloaded using link preload but not used within a few seconds from the window's load event. Please make sure it has an appropriate `as` value and it is preloaded intentionally. @ https://business.facebook.com/latest/insights/overview/?asset_id=100064066803375:0
[    9747ms] [WARNING] The resource https://static.xx.fbcdn.net/rsrc.php/v4/yH/r/xF0GBQ8MNrT.js was preloaded using link preload but not used within a few seconds from the window's load event. Please make sure it has an appropriate `as` value and it is preloaded intentionally. @ https://business.facebook.com/latest/insights/overview/?asset_id=100064066803375:0
[    9747ms] [WARNING] The resource https://static.xx.fbcdn.net/rsrc.php/v4/yk/r/UuFDz9AglyH.js was preloaded using link preload but not used within a few seconds from the window's load event. Please make sure it has an appropriate `as` value and it is preloaded intentionally. @ https://business.facebook.com/latest/insights/overview/?asset_id=100064066803375:0
