[   13299ms] [LOG] All core plugins started... @ https://us12.admin.mailchimp.com/release/dist/js-src/73550.ab2c6c14344a6302.js:0
[   13351ms] [LOG] Plugins registered... @ https://us12.admin.mailchimp.com/release/dist/js-src/73550.ab2c6c14344a6302.js:0
[   13356ms] [LOG] WebEvents: initing_WebEvents : {"url":"wss://eventinggateway.api.intuit.com/v1/webevents","config":"{\"enabled\":true,\"url\":\"wss://eventinggateway.api.intuit.com/v1/webevents\",\"connectionType\":\"WSS\",\"authType\":\"OAuth2\"}"} @ https://us12.admin.mailchimp.com/release/dist/js-src/73550.ab2c6c14344a6302.js:0
[   13358ms] [LOG] Application before-ready completed... @ https://us12.admin.mailchimp.com/release/dist/js-src/73550.ab2c6c14344a6302.js:0
[   13365ms] [LOG] Application ready... @ https://us12.admin.mailchimp.com/release/dist/js-src/73550.ab2c6c14344a6302.js:0
[   13367ms] [LOG] default delegate action handler  {typeName: webShellEvent.handle, category: webShellEvent, command: handle, payload: Object, context: Object} @ https://us12.admin.mailchimp.com/release/dist/js-src/73550.ab2c6c14344a6302.js:0
[   13632ms] [LOG] Shell - successfully initialized RUM module {msgProps: Object, appProps: null, context: Object, queued: true, flushLogsImmediately: false} @ https://us12.admin.mailchimp.com/release/dist/js-src/73550.ab2c6c14344a6302.js:0
[   13742ms] [LOG] Queuing a session check in  1200 @ https://us12.admin.mailchimp.com/release/dist/js-src/73550.ab2c6c14344a6302.js:0
[   13749ms] [LOG] widget-request-start {msgProps: Object, appProps: null, context: Object, queued: false, flushLogsImmediately: false} @ https://us12.admin.mailchimp.com/release/dist/js-src/73550.ab2c6c14344a6302.js:0
[   13752ms] [LOG] widget-request-start {msgProps: Object, appProps: null, context: Object, queued: false, flushLogsImmediately: false} @ https://us12.admin.mailchimp.com/release/dist/js-src/73550.ab2c6c14344a6302.js:0
[   13755ms] [LOG] widget-load-start {msgProps: Object, appProps: null, context: Object, queued: false, flushLogsImmediately: false} @ https://us12.admin.mailchimp.com/release/dist/js-src/73550.ab2c6c14344a6302.js:0
[   13757ms] [LOG] widget-load-start {msgProps: Object, appProps: null, context: Object, queued: false, flushLogsImmediately: false} @ https://us12.admin.mailchimp.com/release/dist/js-src/73550.ab2c6c14344a6302.js:0
[   14103ms] [WARNING] Unsatisfied version 17.0.2 from ADKJSONP of shared singleton module react (required =18.3.1) @ https://us12.admin.mailchimp.com/release/dist/js-src/73550.ab2c6c14344a6302.js:0
[   14105ms] [WARNING] Unsatisfied version 17.0.2 from ADKJSONP of shared singleton module react-dom (required =18.3.1) @ https://us12.admin.mailchimp.com/release/dist/js-src/73550.ab2c6c14344a6302.js:0
[   14110ms] [WARNING] Unsatisfied version 9.104.0 from ADKJSONP of shared singleton module @appfabric/web-shell-core/widgets/BaseWidget (required =9.43.1) @ https://us12.admin.mailchimp.com/release/dist/js-src/73550.ab2c6c14344a6302.js:0
[   14110ms] [WARNING] Unsatisfied version 17.0.2 from ADKJSONP of shared singleton module react (required =18.3.1) @ https://us12.admin.mailchimp.com/release/dist/js-src/73550.ab2c6c14344a6302.js:0
[   14235ms] [WARNING] Unsatisfied version 17.0.2 from ADKJSONP of shared singleton module react (required ^18.2.0) @ https://us12.admin.mailchimp.com/release/dist/js-src/73550.ab2c6c14344a6302.js:0
[   14236ms] [WARNING] Unsatisfied version 9.104.0 from ADKJSONP of shared singleton module @appfabric/web-shell-core/widgets/BaseWidget (required ^7.32.1) @ https://us12.admin.mailchimp.com/release/dist/js-src/73550.ab2c6c14344a6302.js:0
[   14249ms] [WARNING] Unsatisfied version 4.4.1 from ADKJSONP of shared singleton module @design-systems/theme (required =3.7.0) @ https://us12.admin.mailchimp.com/release/dist/js-src/73550.ab2c6c14344a6302.js:0
[   14837ms] [LOG] widget-load-end {msgProps: Object, appProps: null, context: Object, queued: false, flushLogsImmediately: false} @ https://us12.admin.mailchimp.com/release/dist/js-src/73550.ab2c6c14344a6302.js:0
[   14866ms] [LOG] widget-mount {msgProps: Object, appProps: null, context: Object, queued: false, flushLogsImmediately: false} @ https://us12.admin.mailchimp.com/release/dist/js-src/73550.ab2c6c14344a6302.js:0
[   14945ms] [LOG] FAB Orchestrator has loaded {msgProps: Object, appProps: null, context: Object, queued: false, flushLogsImmediately: false} @ https://us12.admin.mailchimp.com/release/dist/js-src/73550.ab2c6c14344a6302.js:0
[   14948ms] [LOG] User does not have DIWM or BizTax entitlement, skipping expert match {msgProps: null, appProps: null, context: Object, queued: false, flushLogsImmediately: false} @ https://us12.admin.mailchimp.com/release/dist/js-src/73550.ab2c6c14344a6302.js:0
[   14951ms] [LOG] widget-first-display {msgProps: Object, appProps: null, context: Object, queued: false, flushLogsImmediately: false} @ https://us12.admin.mailchimp.com/release/dist/js-src/73550.ab2c6c14344a6302.js:0
[   14953ms] [LOG] widget-ready {msgProps: Object, appProps: null, context: Object, queued: false, flushLogsImmediately: false} @ https://us12.admin.mailchimp.com/release/dist/js-src/73550.ab2c6c14344a6302.js:0
[   15001ms] [LOG] widget-load-end {msgProps: Object, appProps: null, context: Object, queued: false, flushLogsImmediately: false} @ https://us12.admin.mailchimp.com/release/dist/js-src/73550.ab2c6c14344a6302.js:0
[   15006ms] [LOG] widget-first-display {msgProps: Object, appProps: null, context: Object, queued: false, flushLogsImmediately: false} @ https://us12.admin.mailchimp.com/release/dist/js-src/73550.ab2c6c14344a6302.js:0
[   15008ms] [LOG] widget-ready {msgProps: Object, appProps: null, context: Object, queued: false, flushLogsImmediately: false} @ https://us12.admin.mailchimp.com/release/dist/js-src/73550.ab2c6c14344a6302.js:0
[   15013ms] [LOG] widget-mount {msgProps: Object, appProps: null, context: Object, queued: false, flushLogsImmediately: false} @ https://us12.admin.mailchimp.com/release/dist/js-src/73550.ab2c6c14344a6302.js:0
[   15041ms] [WARNING] module=Entitlements message=oihsAppAdapter.entitlements.getEntitlements is not implemented {msgProps: null, appProps: null, context: Object, queued: false, flushLogsImmediately: false} @ https://us12.admin.mailchimp.com/release/dist/js-src/73550.ab2c6c14344a6302.js:0
[   15054ms] [LOG] SMARTLOOK_NO_BEARER_TOKEN_FOUND {msgProps: Object, appProps: null, context: Object, queued: false, flushLogsImmediately: false} @ https://us12.admin.mailchimp.com/release/dist/js-src/73550.ab2c6c14344a6302.js:0
[   15228ms] [WARNING] Unsatisfied version 17.0.2 from ADKJSONP of shared singleton module react-dom (required ^18.2.0) @ https://us12.admin.mailchimp.com/release/dist/js-src/73550.ab2c6c14344a6302.js:0
[   15340ms] [LOG] widget-request-start {msgProps: Object, appProps: null, context: Object, queued: false, flushLogsImmediately: false} @ https://us12.admin.mailchimp.com/release/dist/js-src/73550.ab2c6c14344a6302.js:0
[   15344ms] [LOG] widget-load-start {msgProps: Object, appProps: null, context: Object, queued: false, flushLogsImmediately: false} @ https://us12.admin.mailchimp.com/release/dist/js-src/73550.ab2c6c14344a6302.js:0
[   15347ms] [LOG] widget-request-start {msgProps: Object, appProps: null, context: Object, queued: false, flushLogsImmediately: false} @ https://us12.admin.mailchimp.com/release/dist/js-src/73550.ab2c6c14344a6302.js:0
[   15349ms] [LOG] widget-load-start {msgProps: Object, appProps: null, context: Object, queued: false, flushLogsImmediately: false} @ https://us12.admin.mailchimp.com/release/dist/js-src/73550.ab2c6c14344a6302.js:0
[   15378ms] [WARNING] Unsatisfied version 17.0.2 from ADKJSONP of shared singleton module react (required =18.3.1) @ https://us12.admin.mailchimp.com/release/dist/js-src/73550.ab2c6c14344a6302.js:0
[   15385ms] [WARNING] Unsatisfied version 17.0.2 from ADKJSONP of shared singleton module react-dom (required =18.3.1) @ https://us12.admin.mailchimp.com/release/dist/js-src/73550.ab2c6c14344a6302.js:0
[   15457ms] [LOG] widget-ready {msgProps: Object, appProps: null, context: Object, queued: false, flushLogsImmediately: false} @ https://us12.admin.mailchimp.com/release/dist/js-src/73550.ab2c6c14344a6302.js:0
[   15733ms] [LOG] widget-load-end {msgProps: Object, appProps: null, context: Object, queued: false, flushLogsImmediately: false} @ https://us12.admin.mailchimp.com/release/dist/js-src/73550.ab2c6c14344a6302.js:0
[   15760ms] [LOG] oihs-performance:oihs:load:conversation-hub-web/rehydrator {msgProps: Object, appProps: null, context: Object, queued: false, flushLogsImmediately: false} @ https://us12.admin.mailchimp.com/release/dist/js-src/73550.ab2c6c14344a6302.js:0
[   15763ms] [LOG] widget-mount {msgProps: Object, appProps: null, context: Object, queued: false, flushLogsImmediately: false} @ https://us12.admin.mailchimp.com/release/dist/js-src/73550.ab2c6c14344a6302.js:0
[   15767ms] [LOG] widget-first-display {msgProps: Object, appProps: null, context: Object, queued: false, flushLogsImmediately: false} @ https://us12.admin.mailchimp.com/release/dist/js-src/73550.ab2c6c14344a6302.js:0
[   15781ms] [LOG] widget-ready {msgProps: Object, appProps: null, context: Object, queued: false, flushLogsImmediately: false} @ https://us12.admin.mailchimp.com/release/dist/js-src/73550.ab2c6c14344a6302.js:0
[   15841ms] [LOG] CONVERSATION_REHYDRATOR_CUSTOMER_JOINED_SUBSCRIBE:OWNER=UNKNOWN {msgProps: Object, appProps: null, context: Object, queued: false, flushLogsImmediately: false} @ https://us12.admin.mailchimp.com/release/dist/js-src/73550.ab2c6c14344a6302.js:0
[   16073ms] [LOG] CONVERSATION_REHYDRATOR_CUSTOMER_JOINED_SUBSCRIBE_SUCCESS:OWNER=UNKNOWN {msgProps: Object, appProps: null, context: Object, queued: false, flushLogsImmediately: false} @ https://us12.admin.mailchimp.com/release/dist/js-src/73550.ab2c6c14344a6302.js:0
[   16076ms] [LOG] CONVERSATION_REHYDRATOR_CUSTOMER_INITIATED_MEETING_SUBSCRIBE:OWNER=UNKNOWN {msgProps: Object, appProps: null, context: Object, queued: false, flushLogsImmediately: false} @ https://us12.admin.mailchimp.com/release/dist/js-src/73550.ab2c6c14344a6302.js:0
[   16133ms] [LOG] CONVERSATION_REHYDRATOR_CUSTOMER_INITIATED_MEETING_SUBSCRIBE_SUCCESS:OWNER=UNKNOWN {msgProps: Object, appProps: null, context: Object, queued: false, flushLogsImmediately: false} @ https://us12.admin.mailchimp.com/release/dist/js-src/73550.ab2c6c14344a6302.js:0
[   22467ms] [ERROR] Failed to load resource: net::ERR_CONNECTION_RESET @ https://us12.admin.mailchimp.com/autolyse/index.php/twirp/mailchimp.i18n.v1.I18nService/GetTranslations:0
[   23831ms] [LOG] FAB widget mounted. {msgProps: null, appProps: null, context: Object, queued: false, flushLogsImmediately: false} @ https://us12.admin.mailchimp.com/release/dist/js-src/73550.ab2c6c14344a6302.js:0
[   23846ms] [LOG] widget-load-end {msgProps: Object, appProps: null, context: Object, queued: false, flushLogsImmediately: false} @ https://us12.admin.mailchimp.com/release/dist/js-src/73550.ab2c6c14344a6302.js:0
[   23862ms] [LOG] widget-mount {msgProps: Object, appProps: null, context: Object, queued: false, flushLogsImmediately: false} @ https://us12.admin.mailchimp.com/release/dist/js-src/73550.ab2c6c14344a6302.js:0
[   23916ms] [LOG] FAB interactive state set {msgProps: Object, appProps: null, context: Object, queued: false, flushLogsImmediately: false} @ https://us12.admin.mailchimp.com/release/dist/js-src/73550.ab2c6c14344a6302.js:0
[   23920ms] [LOG] oihs-performance:oihs:load:one-intuit-help-system/fab {msgProps: Object, appProps: null, context: Object, queued: false, flushLogsImmediately: false} @ https://us12.admin.mailchimp.com/release/dist/js-src/73550.ab2c6c14344a6302.js:0
[   24062ms] [LOG] widget-first-display {msgProps: Object, appProps: null, context: Object, queued: false, flushLogsImmediately: false} @ https://us12.admin.mailchimp.com/release/dist/js-src/73550.ab2c6c14344a6302.js:0
[   24074ms] [LOG] widget-ready {msgProps: Object, appProps: null, context: Object, queued: false, flushLogsImmediately: false} @ https://us12.admin.mailchimp.com/release/dist/js-src/73550.ab2c6c14344a6302.js:0
[   24499ms] [WARNING] <meta name="apple-mobile-web-app-capable" content="yes"> is deprecated. Please include <meta name="mobile-web-app-capable" content="yes"> @ https://us12.admin.mailchimp.com/campaigns/:0
[   26908ms] [LOG] FAB interactive state set {msgProps: Object, appProps: null, context: Object, queued: false, flushLogsImmediately: false} @ https://us12.admin.mailchimp.com/release/dist/js-src/73550.ab2c6c14344a6302.js:0
[   27118ms] [WARNING] TypeError: Cannot read properties of undefined (reading 'load')
    at runIntercept (https://rs.fullstory.com/rec/integrations?OrgId=ZHBMT&isInFrame=false&isNative=false:78:15)
    at https://rs.fullstory.com/rec/integrations?OrgId=ZHBMT&isInFrame=false&isNative=false:104:5
    at https://rs.fullstory.com/rec/integrations?OrgId=ZHBMT&isInFrame=false&isNative=false:109:3 @ https://us12.admin.mailchimp.com/release/dist/js-src/73550.ab2c6c14344a6302.js:0
[   32559ms] [LOG] CONVERSATION_REHYDRATOR_BEARER_TOKEN_SUCCESS:OWNER=UNKNOWN {msgProps: Object, appProps: null, context: Object, queued: false, flushLogsImmediately: false} @ https://us12.admin.mailchimp.com/release/dist/js-src/73550.ab2c6c14344a6302.js:0
[   32612ms] [LOG] widget-request-start {msgProps: Object, appProps: null, context: Object, queued: false, flushLogsImmediately: false} @ https://us12.admin.mailchimp.com/release/dist/js-src/73550.ab2c6c14344a6302.js:0
[   32615ms] [LOG] widget-load-start {msgProps: Object, appProps: null, context: Object, queued: false, flushLogsImmediately: false} @ https://us12.admin.mailchimp.com/release/dist/js-src/73550.ab2c6c14344a6302.js:0
[   32678ms] [WARNING] Unsatisfied version 17.0.2 from ADKJSONP of shared singleton module react (required =18.2.0) @ https://us12.admin.mailchimp.com/release/dist/js-src/73550.ab2c6c14344a6302.js:0
[   32680ms] [WARNING] Unsatisfied version 9.104.0 from ADKJSONP of shared singleton module @appfabric/web-shell-core/widgets/BaseWidget (required =3.6.0) @ https://us12.admin.mailchimp.com/release/dist/js-src/73550.ab2c6c14344a6302.js:0
[   32729ms] [LOG] Listening for chat rehydrate request {msgProps: null, appProps: null, context: Object, queued: false, flushLogsImmediately: false} @ https://us12.admin.mailchimp.com/release/dist/js-src/73550.ab2c6c14344a6302.js:0
[   32733ms] [WARNING] module=Entitlements message=oihsAppAdapter.entitlements.isPremium is not implemented {msgProps: null, appProps: null, context: Object, queued: false, flushLogsImmediately: false} @ https://us12.admin.mailchimp.com/release/dist/js-src/73550.ab2c6c14344a6302.js:0
[   32769ms] [LOG] widget-load-end {msgProps: Object, appProps: null, context: Object, queued: false, flushLogsImmediately: false} @ https://us12.admin.mailchimp.com/release/dist/js-src/73550.ab2c6c14344a6302.js:0
[   32774ms] [LOG] widget-mount {msgProps: Object, appProps: null, context: Object, queued: false, flushLogsImmediately: false} @ https://us12.admin.mailchimp.com/release/dist/js-src/73550.ab2c6c14344a6302.js:0
[   32933ms] [LOG] SMARTLOOK_SUCCESSFULLY_FETCHED_ALL_FEATURE_FLAGS {msgProps: Object, appProps: null, context: Object, queued: false, flushLogsImmediately: false} @ https://us12.admin.mailchimp.com/release/dist/js-src/73550.ab2c6c14344a6302.js:0
[   32942ms] [LOG] widget-request-start {msgProps: Object, appProps: null, context: Object, queued: false, flushLogsImmediately: false} @ https://us12.admin.mailchimp.com/release/dist/js-src/73550.ab2c6c14344a6302.js:0
[   32945ms] [LOG] widget-load-start {msgProps: Object, appProps: null, context: Object, queued: false, flushLogsImmediately: false} @ https://us12.admin.mailchimp.com/release/dist/js-src/73550.ab2c6c14344a6302.js:0
[   32957ms] [LOG] widget-load-end {msgProps: Object, appProps: null, context: Object, queued: false, flushLogsImmediately: false} @ https://us12.admin.mailchimp.com/release/dist/js-src/73550.ab2c6c14344a6302.js:0
[   33000ms] [WARNING] Unsatisfied version 18.3.1 from vep-collab-smlk-ui of shared singleton module react/jsx-runtime (required =18.2.0) @ https://us12.admin.mailchimp.com/release/dist/js-src/73550.ab2c6c14344a6302.js:0
[   33006ms] [WARNING] Unsatisfied version 4.4.1 from ADKJSONP of shared singleton module @design-systems/theme (required ^4.7.10) @ https://us12.admin.mailchimp.com/release/dist/js-src/73550.ab2c6c14344a6302.js:0
[   33174ms] [LOG] widget-mount {msgProps: Object, appProps: null, context: Object, queued: false, flushLogsImmediately: false} @ https://us12.admin.mailchimp.com/release/dist/js-src/73550.ab2c6c14344a6302.js:0
[   33179ms] [LOG] widget-first-display {msgProps: Object, appProps: null, context: Object, queued: false, flushLogsImmediately: false} @ https://us12.admin.mailchimp.com/release/dist/js-src/73550.ab2c6c14344a6302.js:0
[   33182ms] [LOG] widget-ready {msgProps: Object, appProps: null, context: Object, queued: false, flushLogsImmediately: false} @ https://us12.admin.mailchimp.com/release/dist/js-src/73550.ab2c6c14344a6302.js:0
[   33187ms] [LOG] widget-ready {msgProps: Object, appProps: null, context: Object, queued: false, flushLogsImmediately: false} @ https://us12.admin.mailchimp.com/release/dist/js-src/73550.ab2c6c14344a6302.js:0
[   33190ms] [LOG] widget-request-start {msgProps: Object, appProps: null, context: Object, queued: false, flushLogsImmediately: false} @ https://us12.admin.mailchimp.com/release/dist/js-src/73550.ab2c6c14344a6302.js:0
[   33192ms] [LOG] widget-load-start {msgProps: Object, appProps: null, context: Object, queued: false, flushLogsImmediately: false} @ https://us12.admin.mailchimp.com/release/dist/js-src/73550.ab2c6c14344a6302.js:0
[   35581ms] [LOG] Queuing a session check in  1200 @ https://us12.admin.mailchimp.com/release/dist/js-src/73550.ab2c6c14344a6302.js:0
[   35607ms] [LOG] widget-load-end {msgProps: Object, appProps: null, context: Object, queued: false, flushLogsImmediately: false} @ https://us12.admin.mailchimp.com/release/dist/js-src/73550.ab2c6c14344a6302.js:0
[   35617ms] [LOG] Cobrowse Host Widget Rendered {msgProps: Object, appProps: null, context: Object, queued: false, flushLogsImmediately: false} @ https://us12.admin.mailchimp.com/release/dist/js-src/73550.ab2c6c14344a6302.js:0
[   35656ms] [LOG] widget-mount {msgProps: Object, appProps: null, context: Object, queued: false, flushLogsImmediately: false} @ https://us12.admin.mailchimp.com/release/dist/js-src/73550.ab2c6c14344a6302.js:0
[   35684ms] [LOG] widget-first-display {msgProps: Object, appProps: null, context: Object, queued: false, flushLogsImmediately: false} @ https://us12.admin.mailchimp.com/release/dist/js-src/73550.ab2c6c14344a6302.js:0
[   35687ms] [LOG] widget-ready {msgProps: Object, appProps: null, context: Object, queued: false, flushLogsImmediately: false} @ https://us12.admin.mailchimp.com/release/dist/js-src/73550.ab2c6c14344a6302.js:0
[   35693ms] [LOG] widget-ready {msgProps: Object, appProps: null, context: Object, queued: false, flushLogsImmediately: false} @ https://us12.admin.mailchimp.com/release/dist/js-src/73550.ab2c6c14344a6302.js:0
[   35698ms] [LOG] widget-ready {msgProps: Object, appProps: null, context: Object, queued: false, flushLogsImmediately: false} @ https://us12.admin.mailchimp.com/release/dist/js-src/73550.ab2c6c14344a6302.js:0
[   36132ms] [LOG] CONVERSATION_REHYDRATOR_AUTH_ID_FROM_TOKEN_SUCCESS:OWNER=UNKNOWN {msgProps: Object, appProps: null, context: Object, queued: false, flushLogsImmediately: false} @ https://us12.admin.mailchimp.com/release/dist/js-src/73550.ab2c6c14344a6302.js:0
[   36266ms] [LOG] WebEvents: loading controller {} @ https://us12.admin.mailchimp.com/release/dist/js-src/73550.ab2c6c14344a6302.js:0
[   36267ms] [LOG] WebEvents: importing_and_initializing_pubsub_and_transport {} @ https://us12.admin.mailchimp.com/release/dist/js-src/73550.ab2c6c14344a6302.js:0
[   36274ms] [LOG] WebEvents: getting_transport_code {} @ https://us12.admin.mailchimp.com/release/dist/js-src/73550.ab2c6c14344a6302.js:0
[   36391ms] [LOG] CONVERSATION_REHYDRATOR_CUSTOMER_JOINED_SUBSCRIBE:OWNER=UNKNOWN {msgProps: Object, appProps: null, context: Object, queued: false, flushLogsImmediately: false} @ https://us12.admin.mailchimp.com/release/dist/js-src/73550.ab2c6c14344a6302.js:0
[   36393ms] [LOG] CONVERSATION_REHYDRATOR_CUSTOMER_JOINED_SUBSCRIBE_SUCCESS:OWNER=UNKNOWN {msgProps: Object, appProps: null, context: Object, queued: false, flushLogsImmediately: false} @ https://us12.admin.mailchimp.com/release/dist/js-src/73550.ab2c6c14344a6302.js:0
[   36395ms] [LOG] CONVERSATION_REHYDRATOR_CUSTOMER_INITIATED_MEETING_SUBSCRIBE:OWNER=UNKNOWN {msgProps: Object, appProps: null, context: Object, queued: false, flushLogsImmediately: false} @ https://us12.admin.mailchimp.com/release/dist/js-src/73550.ab2c6c14344a6302.js:0
[   36507ms] [LOG] WebEvents: subscribing_adding_to_pubsub : {"topic":"conversation.management.intuit","target":"9411821817284580","configs.resourceOwner":"9411821817284580","configs.trackConnection":true,"configs.txId":"43254247-559a-4e0f-8f4d-b27d5fde3761"} @ https://us12.admin.mailchimp.com/release/dist/js-src/73550.ab2c6c14344a6302.js:0
[   36508ms] [LOG] WebEvents: subscription_added_to_pubsub : {"topic":"conversation.management.intuit","target":"9411821817284580"} @ https://us12.admin.mailchimp.com/release/dist/js-src/73550.ab2c6c14344a6302.js:0
[   36509ms] [LOG] WebEvents: adding_remote_topic {topic: conversation.management.intuit, target: 9411821817284580, options.resourceOwner: 9411821817284580, options.trackConnection: true, options.txId: 43254247-559a-4e0f-8f4d-b27d5fde3761} @ https://us12.admin.mailchimp.com/release/dist/js-src/73550.ab2c6c14344a6302.js:0
[   36527ms] [LOG] CONVERSATION_REHYDRATOR_CUSTOMER_INITIATED_MEETING_SUBSCRIBE_SUCCESS:OWNER=UNKNOWN {msgProps: Object, appProps: null, context: Object, queued: false, flushLogsImmediately: false} @ https://us12.admin.mailchimp.com/release/dist/js-src/73550.ab2c6c14344a6302.js:0
[   36528ms] [LOG] conversation_rehydration:OWNER=UNKNOWN {msgProps: Object, appProps: null, context: Object, queued: false, flushLogsImmediately: false} @ https://us12.admin.mailchimp.com/release/dist/js-src/73550.ab2c6c14344a6302.js:0
[   36576ms] [LOG] WebEvents: subscribing_adding_to_pubsub : {"topic":"mc.proactive.intervention.OIPRO_IN_PRODUCT","target":"9411821817284580","configs.resourceOwner":"9411821817284580"} @ https://us12.admin.mailchimp.com/release/dist/js-src/73550.ab2c6c14344a6302.js:0
[   36578ms] [LOG] WebEvents: subscription_added_to_pubsub : {"topic":"mc.proactive.intervention.OIPRO_IN_PRODUCT","target":"9411821817284580"} @ https://us12.admin.mailchimp.com/release/dist/js-src/73550.ab2c6c14344a6302.js:0
[   36579ms] [LOG] WebEvents: adding_remote_topic {topic: mc.proactive.intervention.OIPRO_IN_PRODUCT, target: 9411821817284580, options.resourceOwner: 9411821817284580} @ https://us12.admin.mailchimp.com/release/dist/js-src/73550.ab2c6c14344a6302.js:0
[   37212ms] [LOG] Fetched conversations from ccs {msgProps: Object, appProps: null, context: Object, queued: false, flushLogsImmediately: false} @ https://us12.admin.mailchimp.com/release/dist/js-src/73550.ab2c6c14344a6302.js:0
[   37218ms] [LOG] CHAT: Conversion API response for chat hydration, conversationState: undefined {msgProps: Object, appProps: null, context: Object, queued: false, flushLogsImmediately: false} @ https://us12.admin.mailchimp.com/release/dist/js-src/73550.ab2c6c14344a6302.js:0
[   37222ms] [LOG] CHAT: no open conversation found {msgProps: Object, appProps: null, context: Object, queued: false, flushLogsImmediately: false} @ https://us12.admin.mailchimp.com/release/dist/js-src/73550.ab2c6c14344a6302.js:0
[   37656ms] [LOG] Queuing a session check in  1200 @ https://us12.admin.mailchimp.com/release/dist/js-src/73550.ab2c6c14344a6302.js:0
[   38533ms] [LOG] [Prepare Global Cache Window] polyfillScript loaded @ https://us12.admin.mailchimp.com/release/dist/js-src/73550.ab2c6c14344a6302.js:0
[   38721ms] [LOG] [42m%s[0m client-core: Topest iframe: https://us12.admin.mailchimp.com @ https://us12.admin.mailchimp.com/release/dist/js-src/73550.ab2c6c14344a6302.js:0
[   39354ms] [WARNING] getZmTrackingId failed, generate new zmTrackingId: undefined @ https://us12.admin.mailchimp.com/release/dist/js-src/73550.ab2c6c14344a6302.js:0
[   39787ms] [LOG] CONVERSATION_REHYDRATOR_SEARCH_CONVERSATION_V2_SUCCESS:OWNER=UNKNOWN {msgProps: Object, appProps: null, context: Object, queued: false, flushLogsImmediately: false} @ https://us12.admin.mailchimp.com/release/dist/js-src/73550.ab2c6c14344a6302.js:0
[   40927ms] [LOG] zmTrackingId 499465f5-9ebb-40c3-b53a-b66f4b508210 @ https://us12.admin.mailchimp.com/release/dist/js-src/73550.ab2c6c14344a6302.js:0
[   40931ms] [LOG] zmDeviceId eafff1b2-de7a-4fa2-8247-4ed2352b7cda @ https://us12.admin.mailchimp.com/release/dist/js-src/73550.ab2c6c14344a6302.js:0
[   40986ms] [WARNING] react-i18next:: You will need to pass in an i18next instance by using initReactI18next @ https://us12.admin.mailchimp.com/release/dist/js-src/73550.ab2c6c14344a6302.js:0
[   41065ms] [LOG] SMARTLOOK_CUSTOMER_ZOOM_SDK_LOADED {msgProps: Object, appProps: null, context: Object, queued: false, flushLogsImmediately: false} @ https://us12.admin.mailchimp.com/release/dist/js-src/73550.ab2c6c14344a6302.js:0
[   41069ms] [LOG] SMARTLOOK_CUSTOMER_ZOOM_SCRIPT_LOAD_SUCCESS {msgProps: Object, appProps: null, context: Object, queued: false, flushLogsImmediately: false} @ https://us12.admin.mailchimp.com/release/dist/js-src/73550.ab2c6c14344a6302.js:0
