[    5561ms] [LOG] Queuing a session check in  1200 @ https://us12.admin.mailchimp.com/release/dist/js-src/73550.ab2c6c14344a6302.js:0
[    7309ms] [LOG] widget-request-start {msgProps: Object, appProps: null, context: Object, queued: false, flushLogsImmediately: false} @ https://us12.admin.mailchimp.com/release/dist/js-src/73550.ab2c6c14344a6302.js:0
[    7320ms] [LOG] widget-request-start {msgProps: Object, appProps: null, context: Object, queued: false, flushLogsImmediately: false} @ https://us12.admin.mailchimp.com/release/dist/js-src/73550.ab2c6c14344a6302.js:0
[    7325ms] [LOG] widget-request-start {msgProps: Object, appProps: null, context: Object, queued: false, flushLogsImmediately: false} @ https://us12.admin.mailchimp.com/release/dist/js-src/73550.ab2c6c14344a6302.js:0
[    7330ms] [LOG] widget-request-start {msgProps: Object, appProps: null, context: Object, queued: false, flushLogsImmediately: false} @ https://us12.admin.mailchimp.com/release/dist/js-src/73550.ab2c6c14344a6302.js:0
[    7335ms] [LOG] widget-load-start {msgProps: Object, appProps: null, context: Object, queued: false, flushLogsImmediately: false} @ https://us12.admin.mailchimp.com/release/dist/js-src/73550.ab2c6c14344a6302.js:0
[    7340ms] [LOG] widget-load-start {msgProps: Object, appProps: null, context: Object, queued: false, flushLogsImmediately: false} @ https://us12.admin.mailchimp.com/release/dist/js-src/73550.ab2c6c14344a6302.js:0
[    7348ms] [LOG] widget-load-start {msgProps: Object, appProps: null, context: Object, queued: false, flushLogsImmediately: false} @ https://us12.admin.mailchimp.com/release/dist/js-src/73550.ab2c6c14344a6302.js:0
[    7351ms] [LOG] widget-load-start {msgProps: Object, appProps: null, context: Object, queued: false, flushLogsImmediately: false} @ https://us12.admin.mailchimp.com/release/dist/js-src/73550.ab2c6c14344a6302.js:0
[    7356ms] [LOG] Queuing a session check in  1200 @ https://us12.admin.mailchimp.com/release/dist/js-src/73550.ab2c6c14344a6302.js:0
[    7382ms] [WARNING] Unsatisfied version 17.0.2 from ADKJSONP of shared singleton module react (required =18.3.1) @ https://us12.admin.mailchimp.com/release/dist/js-src/73550.ab2c6c14344a6302.js:0
[    7384ms] [WARNING] Unsatisfied version 17.0.2 from ADKJSONP of shared singleton module react-dom (required =18.3.1) @ https://us12.admin.mailchimp.com/release/dist/js-src/73550.ab2c6c14344a6302.js:0
[    7464ms] [WARNING] Unsatisfied version 4.4.1 from ADKJSONP of shared singleton module @design-systems/theme (required =4.7.2) @ https://us12.admin.mailchimp.com/release/dist/js-src/73550.ab2c6c14344a6302.js:0
[    7471ms] [WARNING] Unsatisfied version 17.0.2 from ADKJSONP of shared singleton module react (required =18.3.1) @ https://us12.admin.mailchimp.com/release/dist/js-src/73550.ab2c6c14344a6302.js:0
[    7491ms] [WARNING] Unsatisfied version 4.4.1 from ADKJSONP of shared singleton module @design-systems/theme (required =4.7.2) @ https://us12.admin.mailchimp.com/release/dist/js-src/73550.ab2c6c14344a6302.js:0
[    7522ms] [WARNING] Unsatisfied version 4.4.1 from ADKJSONP of shared singleton module @design-systems/theme (required =4.7.2) @ https://us12.admin.mailchimp.com/release/dist/js-src/73550.ab2c6c14344a6302.js:0
[    7523ms] [WARNING] Unsatisfied version 4.4.1 from ADKJSONP of shared singleton module @design-systems/theme (required =4.7.2) @ https://us12.admin.mailchimp.com/release/dist/js-src/73550.ab2c6c14344a6302.js:0
[    7541ms] [WARNING] Unsatisfied version 4.4.1 from ADKJSONP of shared singleton module @design-systems/theme (required =4.7.2) @ https://us12.admin.mailchimp.com/release/dist/js-src/73550.ab2c6c14344a6302.js:0
[    7548ms] [WARNING] Unsatisfied version 4.4.1 from ADKJSONP of shared singleton module @design-systems/theme (required =4.7.2) @ https://us12.admin.mailchimp.com/release/dist/js-src/73550.ab2c6c14344a6302.js:0
[    7582ms] [WARNING] Unsatisfied version 4.4.1 from ADKJSONP of shared singleton module @design-systems/theme (required =4.7.2) @ https://us12.admin.mailchimp.com/release/dist/js-src/73550.ab2c6c14344a6302.js:0
[    7611ms] [WARNING] Unsatisfied version 17.0.2 from ADKJSONP of shared singleton module react-dom (required =18.2.0) @ https://us12.admin.mailchimp.com/release/dist/js-src/73550.ab2c6c14344a6302.js:0
[    7674ms] [LOG] widget-request-start {msgProps: Object, appProps: null, context: Object, queued: false, flushLogsImmediately: false} @ https://us12.admin.mailchimp.com/release/dist/js-src/73550.ab2c6c14344a6302.js:0
[    7677ms] [LOG] widget-load-start {msgProps: Object, appProps: null, context: Object, queued: false, flushLogsImmediately: false} @ https://us12.admin.mailchimp.com/release/dist/js-src/73550.ab2c6c14344a6302.js:0
[    8366ms] [LOG] widget-load-end {msgProps: Object, appProps: null, context: Object, queued: false, flushLogsImmediately: false} @ https://us12.admin.mailchimp.com/release/dist/js-src/73550.ab2c6c14344a6302.js:0
[    8371ms] [LOG] widget-load-end {msgProps: Object, appProps: null, context: Object, queued: false, flushLogsImmediately: false} @ https://us12.admin.mailchimp.com/release/dist/js-src/73550.ab2c6c14344a6302.js:0
[    8379ms] [LOG] widget-mount {msgProps: Object, appProps: null, context: Object, queued: false, flushLogsImmediately: false} @ https://us12.admin.mailchimp.com/release/dist/js-src/73550.ab2c6c14344a6302.js:0
[    8382ms] [LOG] widget-mount {msgProps: Object, appProps: null, context: Object, queued: false, flushLogsImmediately: false} @ https://us12.admin.mailchimp.com/release/dist/js-src/73550.ab2c6c14344a6302.js:0
[    8392ms] [LOG] widget-load-end {msgProps: Object, appProps: null, context: Object, queued: false, flushLogsImmediately: false} @ https://us12.admin.mailchimp.com/release/dist/js-src/73550.ab2c6c14344a6302.js:0
[    8399ms] [LOG] widget-first-display {msgProps: Object, appProps: null, context: Object, queued: false, flushLogsImmediately: false} @ https://us12.admin.mailchimp.com/release/dist/js-src/73550.ab2c6c14344a6302.js:0
[    8409ms] [LOG] widget-ready {msgProps: Object, appProps: null, context: Object, queued: false, flushLogsImmediately: false} @ https://us12.admin.mailchimp.com/release/dist/js-src/73550.ab2c6c14344a6302.js:0
[    8416ms] [LOG] widget-mount {msgProps: Object, appProps: null, context: Object, queued: false, flushLogsImmediately: false} @ https://us12.admin.mailchimp.com/release/dist/js-src/73550.ab2c6c14344a6302.js:0
[    8869ms] [LOG] Queuing a session check in  1200 @ https://us12.admin.mailchimp.com/release/dist/js-src/73550.ab2c6c14344a6302.js:0
[    8943ms] [LOG] Queuing a session check in  1200 @ https://us12.admin.mailchimp.com/release/dist/js-src/73550.ab2c6c14344a6302.js:0
[    8987ms] [LOG] Queuing a session check in  1200 @ https://us12.admin.mailchimp.com/release/dist/js-src/73550.ab2c6c14344a6302.js:0
[    9038ms] [LOG] Queuing a session check in  1200 @ https://us12.admin.mailchimp.com/release/dist/js-src/73550.ab2c6c14344a6302.js:0
[    9087ms] [LOG] Queuing a session check in  1200 @ https://us12.admin.mailchimp.com/release/dist/js-src/73550.ab2c6c14344a6302.js:0
[    9177ms] [LOG] Queuing a session check in  1200 @ https://us12.admin.mailchimp.com/release/dist/js-src/73550.ab2c6c14344a6302.js:0
[    9234ms] [LOG] WebEvents: connecting {url: wss://eventinggateway.api.intuit.com/v1/webevents, tid: 66fa6967-46b2-4153-9d0e-a989e508bc15} @ https://us12.admin.mailchimp.com/release/dist/js-src/73550.ab2c6c14344a6302.js:0
[    9281ms] [LOG] widget-load-end {msgProps: Object, appProps: null, context: Object, queued: false, flushLogsImmediately: false} @ https://us12.admin.mailchimp.com/release/dist/js-src/73550.ab2c6c14344a6302.js:0
[    9290ms] [LOG] widget-mount {msgProps: Object, appProps: null, context: Object, queued: false, flushLogsImmediately: false} @ https://us12.admin.mailchimp.com/release/dist/js-src/73550.ab2c6c14344a6302.js:0
[    9342ms] [LOG] widget-load-end {msgProps: Object, appProps: null, context: Object, queued: false, flushLogsImmediately: false} @ https://us12.admin.mailchimp.com/release/dist/js-src/73550.ab2c6c14344a6302.js:0
[    9353ms] [LOG] widget-mount {msgProps: Object, appProps: null, context: Object, queued: false, flushLogsImmediately: false} @ https://us12.admin.mailchimp.com/release/dist/js-src/73550.ab2c6c14344a6302.js:0
[    9460ms] [LOG] Queuing a session check in  1200 @ https://us12.admin.mailchimp.com/release/dist/js-src/73550.ab2c6c14344a6302.js:0
[    9582ms] [LOG] Queuing a session check in  1200 @ https://us12.admin.mailchimp.com/release/dist/js-src/73550.ab2c6c14344a6302.js:0
[   11110ms] [LOG] WebEvents: Rsocket_connection_established_waiting_for_response {} @ https://us12.admin.mailchimp.com/release/dist/js-src/73550.ab2c6c14344a6302.js:0
[   11111ms] [LOG] WebEvents: connected_to_backend {} @ https://us12.admin.mailchimp.com/release/dist/js-src/73550.ab2c6c14344a6302.js:0
[   11111ms] [LOG] WebEvents: process_pending_topics {toAdd[0].topic: conversation.management.intuit, toAdd[0].target: 9411821817284580, toAdd[0].options.resourceOwner: 9411821817284580, toAdd[0].options.trackConnection: true, toAdd[0].options.txId: 43254247-559a-4e0f-8f4d-b27d5fde3761} @ https://us12.admin.mailchimp.com/release/dist/js-src/73550.ab2c6c14344a6302.js:0
[   11113ms] [LOG] WebEvents: subscribing_to_topic_on_backend : {"txId":"43254247-559a-4e0f-8f4d-b27d5fde3761","topic":"conversation.management.intuit","target":"9411821817284580","wem.txId":"43254247-559a-4e0f-8f4d-b27d5fde3761"} @ https://us12.admin.mailchimp.com/release/dist/js-src/73550.ab2c6c14344a6302.js:0
[   11123ms] [WARNING] WebEvents: rsocket_connection_status_changed : {"status":"CONNECTED","txId":"66fa6967-46b2-4153-9d0e-a989e508bc15","connectionRetries":0} @ https://us12.admin.mailchimp.com/release/dist/js-src/73550.ab2c6c14344a6302.js:0
[   11126ms] [LOG] WebEvents: connected_with_rsocket_reference_id : {"currentConnectionUUID":"9cf01a33-d6ac-44fb-bde2-8c605fe4d846"} @ https://us12.admin.mailchimp.com/release/dist/js-src/73550.ab2c6c14344a6302.js:0
[   11127ms] [WARNING] WebEvents: rsocket_connection_status_changed {msgProps: Object, appProps: null, context: Object, queued: false, flushLogsImmediately: false} @ https://us12.admin.mailchimp.com/release/dist/js-src/73550.ab2c6c14344a6302.js:0
[   11334ms] [LOG] WebEvents: received_metadatapush_event_from_backend : {"operation":"connectionInfo"} @ https://us12.admin.mailchimp.com/release/dist/js-src/73550.ab2c6c14344a6302.js:0
[   11335ms] [LOG] WebEvents: received_connectionId_on_connect {connectionInfo.connType: WSS, connectionInfo.connId: 1-69d337ae-277e8a4041a594cd7cd89e5f, connectionInfo.currentConnectionUUID: 9cf01a33-d6ac-44fb-bde2-8c605fe4d846} @ https://us12.admin.mailchimp.com/release/dist/js-src/73550.ab2c6c14344a6302.js:0
[   11335ms] [LOG] WebEvents: received_connectionId  {txId: 66fa6967-46b2-4153-9d0e-a989e508bc15, connectionInfo.connType: WSS, connectionInfo.connId: 1-69d337ae-277e8a4041a594cd7cd89e5f, connectionInfo.currentConnectionUUID: 9cf01a33-d6ac-44fb-bde2-8c605fe4d846} @ https://us12.admin.mailchimp.com/release/dist/js-src/73550.ab2c6c14344a6302.js:0
[   11340ms] [LOG] WebEvents: subscribed_to_topic_on_backend : {"topic":"conversation.management.intuit","target":"9411821817284580","response":"{\"subscribedTopics\":[\"conversation.management.intuit.9411821817284580\"],\"intuit_tid\":\"43254247-559a-4e0f-8f4d-b27d5fde3761\",\"invalidTopics\":[],\"connectionId\":\"1-69d337ae-277e8a4041a594cd7cd89e5f\"}","txId":"43254247-559a-4e0f-8f4d-b27d5fde3761","connectionInfo.connType":"WSS","connectionInfo.connId":"1-69d337ae-277e8a4041a594cd7cd89e5f","connectionInfo.currentConnectionUUID":"9cf01a33-d6ac-44fb-bde2-8c605fe4d846","critical":true} @ https://us12.admin.mailchimp.com/release/dist/js-src/73550.ab2c6c14344a6302.js:0
[   11342ms] [LOG] WebEvents: subscribing_to_topic_on_backend : {"txId":"ce938be2-4d97-46eb-97df-f71a6b535dcf","topic":"mc.proactive.intervention.OIPRO_IN_PRODUCT","target":"9411821817284580","wem.txId":"ce938be2-4d97-46eb-97df-f71a6b535dcf","connectionInfo.connType":"WSS","connectionInfo.connId":"1-69d337ae-277e8a4041a594cd7cd89e5f","connectionInfo.currentConnectionUUID":"9cf01a33-d6ac-44fb-bde2-8c605fe4d846"} @ https://us12.admin.mailchimp.com/release/dist/js-src/73550.ab2c6c14344a6302.js:0
[   11343ms] [LOG] WebEvents: added_remote_topic {topic: conversation.management.intuit, target: 9411821817284580, options.resourceOwner: 9411821817284580, options.trackConnection: true, options.txId: 43254247-559a-4e0f-8f4d-b27d5fde3761} @ https://us12.admin.mailchimp.com/release/dist/js-src/73550.ab2c6c14344a6302.js:0
[   11349ms] [LOG] CONVERSATION_HUB_LISTENING_TO: conversation.management.intuit:OWNER=UNKNOWN {msgProps: Object, appProps: null, context: Object, queued: false, flushLogsImmediately: false} @ https://us12.admin.mailchimp.com/release/dist/js-src/73550.ab2c6c14344a6302.js:0
[   11690ms] [LOG] Queuing a session check in  1200 @ https://us12.admin.mailchimp.com/release/dist/js-src/73550.ab2c6c14344a6302.js:0
[   11960ms] [LOG] WebEvents: subscribed_to_topic_on_backend : {"topic":"mc.proactive.intervention.OIPRO_IN_PRODUCT","target":"9411821817284580","response":"{\"subscribedTopics\":[\"mc.proactive.intervention.OIPRO_IN_PRODUCT.9411821817284580\"],\"intuit_tid\":\"ce938be2-4d97-46eb-97df-f71a6b535dcf\",\"invalidTopics\":[],\"connectionId\":\"1-69d337ae-277e8a4041a594cd7cd89e5f\"}","txId":"ce938be2-4d97-46eb-97df-f71a6b535dcf","connectionInfo.connType":"WSS","connectionInfo.connId":"1-69d337ae-277e8a4041a594cd7cd89e5f","connectionInfo.currentConnectionUUID":"9cf01a33-d6ac-44fb-bde2-8c605fe4d846","critical":true} @ https://us12.admin.mailchimp.com/release/dist/js-src/73550.ab2c6c14344a6302.js:0
[   11962ms] [LOG] WebEvents: added_remote_topic {topic: mc.proactive.intervention.OIPRO_IN_PRODUCT, target: 9411821817284580, options.resourceOwner: 9411821817284580} @ https://us12.admin.mailchimp.com/release/dist/js-src/73550.ab2c6c14344a6302.js:0
[   11969ms] [LOG] InterventionWrapperWidget, subscription: sucess, event: mc.proactive.intervention.OIPRO_IN_PRODUCT {msgProps: Object, appProps: null, context: Object, queued: false, flushLogsImmediately: false} @ https://us12.admin.mailchimp.com/release/dist/js-src/73550.ab2c6c14344a6302.js:0
[   11970ms] [LOG] InterventionWrapperWidget, triggerEvent: sucess, event: mc.proactive.intervention.OIPRO_IN_PRODUCT {msgProps: Object, appProps: null, context: Object, queued: false, flushLogsImmediately: false} @ https://us12.admin.mailchimp.com/release/dist/js-src/73550.ab2c6c14344a6302.js:0
[   12064ms] [LOG] Fingerprints did not return a response for SBSEGMAILCHIMPBannerAllCampaignsAlerts {msgProps: null, appProps: null, context: Object, queued: false, flushLogsImmediately: false} @ https://us12.admin.mailchimp.com/release/dist/js-src/73550.ab2c6c14344a6302.js:0
[   12083ms] [LOG] Fingerprints did not return a response for SBSEGMAILCHIMPBannerGlobalAlertBanner {msgProps: null, appProps: null, context: Object, queued: false, flushLogsImmediately: false} @ https://us12.admin.mailchimp.com/release/dist/js-src/73550.ab2c6c14344a6302.js:0
[   12099ms] [LOG] widget-first-display {msgProps: Object, appProps: null, context: Object, queued: false, flushLogsImmediately: false} @ https://us12.admin.mailchimp.com/release/dist/js-src/73550.ab2c6c14344a6302.js:0
[   12101ms] [LOG] widget-ready {msgProps: Object, appProps: null, context: Object, queued: false, flushLogsImmediately: false} @ https://us12.admin.mailchimp.com/release/dist/js-src/73550.ab2c6c14344a6302.js:0
[   12106ms] [LOG] widget-first-display {msgProps: Object, appProps: null, context: Object, queued: false, flushLogsImmediately: false} @ https://us12.admin.mailchimp.com/release/dist/js-src/73550.ab2c6c14344a6302.js:0
[   12109ms] [LOG] widget-ready {msgProps: Object, appProps: null, context: Object, queued: false, flushLogsImmediately: false} @ https://us12.admin.mailchimp.com/release/dist/js-src/73550.ab2c6c14344a6302.js:0
[   14506ms] [LOG] Fingerprints did not return a response for SBSEGMAILCHIMPHelloboxAllCampaignsFooter {msgProps: null, appProps: null, context: Object, queued: false, flushLogsImmediately: false} @ https://us12.admin.mailchimp.com/release/dist/js-src/73550.ab2c6c14344a6302.js:0
[   14855ms] [LOG] widget-first-display {msgProps: Object, appProps: null, context: Object, queued: false, flushLogsImmediately: false} @ https://us12.admin.mailchimp.com/release/dist/js-src/73550.ab2c6c14344a6302.js:0
[   14858ms] [LOG] widget-ready {msgProps: Object, appProps: null, context: Object, queued: false, flushLogsImmediately: false} @ https://us12.admin.mailchimp.com/release/dist/js-src/73550.ab2c6c14344a6302.js:0
[   14866ms] [LOG] widget-request-start {msgProps: Object, appProps: null, context: Object, queued: false, flushLogsImmediately: false} @ https://us12.admin.mailchimp.com/release/dist/js-src/73550.ab2c6c14344a6302.js:0
[   14870ms] [LOG] widget-load-start {msgProps: Object, appProps: null, context: Object, queued: false, flushLogsImmediately: false} @ https://us12.admin.mailchimp.com/release/dist/js-src/73550.ab2c6c14344a6302.js:0
[   24027ms] [LOG] Returning Prompt content from cache for f6eff570-04c6-40b2-97b4-59db1cbcd693 {msgProps: Object, appProps: null, context: Object, queued: false, flushLogsImmediately: false} @ https://us12.admin.mailchimp.com/release/dist/js-src/73550.ab2c6c14344a6302.js:0
[   24033ms] [WARNING] module="getRoute" message="This method is not supported by mc-appfabric-webapp" {msgProps: null, appProps: null, context: Object, queued: false, flushLogsImmediately: false} @ https://us12.admin.mailchimp.com/release/dist/js-src/73550.ab2c6c14344a6302.js:0
[   24037ms] [LOG] PapWidget requesting content for f6eff570-04c6-40b2-97b4-59db1cbcd693 {msgProps: Object, appProps: null, context: Object, queued: false, flushLogsImmediately: false} @ https://us12.admin.mailchimp.com/release/dist/js-src/73550.ab2c6c14344a6302.js:0
[   24041ms] [LOG] widget-load-end {msgProps: Object, appProps: null, context: Object, queued: false, flushLogsImmediately: false} @ https://us12.admin.mailchimp.com/release/dist/js-src/73550.ab2c6c14344a6302.js:0
[   24047ms] [LOG] widget-mount {msgProps: Object, appProps: null, context: Object, queued: false, flushLogsImmediately: false} @ https://us12.admin.mailchimp.com/release/dist/js-src/73550.ab2c6c14344a6302.js:0
[   26223ms] [ERROR] Failed to load resource: the server responded with a status of 400 () @ https://oiproorchestrator.api.intuit.com/v1/orchestrator/events:0
[   26235ms] [ERROR] module=PIM,function=TriggerEvents:triggerEvent,message=Failed to trigger intervention event,error={"code":"PAIO-0400","type":"CLIENT","message":"Bad Request","detail":"false EventType not on-boarded or missing from platform configs","moreInfo":"None"},intuitTid=ada8f28c-2b39-4667-9cb4-414d0f870f2f {msgProps: Object, appProps: null, context: Object, queued: false, flushLogsImmediately: false} @ https://us12.admin.mailchimp.com/release/dist/js-src/73550.ab2c6c14344a6302.js:0
[   26386ms] [LOG] Extended properties successfully fetch for PAP {msgProps: null, appProps: null, context: Object, queued: false, flushLogsImmediately: false} @ https://us12.admin.mailchimp.com/release/dist/js-src/73550.ab2c6c14344a6302.js:0
[   26652ms] [LOG] Returning Prompt content from CES fetch for f6eff570-04c6-40b2-97b4-59db1cbcd693 {msgProps: Object, appProps: null, context: Object, queued: false, flushLogsImmediately: false} @ https://us12.admin.mailchimp.com/release/dist/js-src/73550.ab2c6c14344a6302.js:0
[   26660ms] [LOG] PON Prompts loaded. {msgProps: Object, appProps: null, context: Object, queued: false, flushLogsImmediately: false} @ https://us12.admin.mailchimp.com/release/dist/js-src/73550.ab2c6c14344a6302.js:0
[   26662ms] [LOG] Storing content cache for f6eff570-04c6-40b2-97b4-59db1cbcd693 {msgProps: Object, appProps: null, context: Object, queued: false, flushLogsImmediately: false} @ https://us12.admin.mailchimp.com/release/dist/js-src/73550.ab2c6c14344a6302.js:0
[   26672ms] [LOG] oihs-performance:oihs_pap_widget_load_f6eff570-04c6-40b2-97b4-59db1cbcd693 {msgProps: Object, appProps: null, context: Object, queued: false, flushLogsImmediately: false} @ https://us12.admin.mailchimp.com/release/dist/js-src/73550.ab2c6c14344a6302.js:0
[   26683ms] [LOG] widget-first-display {msgProps: Object, appProps: null, context: Object, queued: false, flushLogsImmediately: false} @ https://us12.admin.mailchimp.com/release/dist/js-src/73550.ab2c6c14344a6302.js:0
[   26687ms] [LOG] widget-ready {msgProps: Object, appProps: null, context: Object, queued: false, flushLogsImmediately: false} @ https://us12.admin.mailchimp.com/release/dist/js-src/73550.ab2c6c14344a6302.js:0
