[    4107ms] [ERROR] Failed to load resource: the server responded with a status of 401 () @ https://api.hubspot.com/home/v2/api/portal:0
[    4798ms] [ERROR] Failed to load resource: the server responded with a status of 401 () @ https://api.hubspot.com/home/v2/api/no-intended-portal:0
[    6015ms] [WARNING] [quick-fetch] quickFetchScript was not included or running in Node.js environment. Falling back to stubbed implementation. @ https://static.hsappstatic.net/LoginUI/static-1.14755/bundles/project.js:1
[    6174ms] [LOG] No CSRF Cookie found. @ https://static.hsappstatic.net/LoginUI/static-1.14755/bundles/project.js:25
[    6572ms] [LOG] safe no opener @ https://static.hsappstatic.net/LoginUI/static-1.14755/bundles/project.js:1
[    6674ms] [WARNING] GTM ID is not present on the script tag - skipping GTM script injection @ https://www.hubspot.com/wt-assets/static-files/compliance/index.js:15
[  147493ms] [LOG] %c%s color: red; background: yellow; font-size: 24px; WARNING! @ https://www.gstatic.com/_/mss/boq-identity/_/js/k=boq-identity.AccountsSignInUi.en.UggC3jMvhow.es5.O/am=Kf4GAACiCCQD4P__DxkACIAgGrieBaAJRAYAAAAAAAAAACwQACCN/d=1/excm=_b,_tp,accountchooserview/ed=1/dg=0/wt=2/ujg=1/rs=AOaEmlFBvDtRQpRyFqmrXhez7V9PB1FsXQ/dti=1/m=_b,_tp:467
[  147493ms] [LOG] %c%s font-size: 18px; Using this console may allow attackers to impersonate you and steal your information using an attack called Self-XSS.
Do not enter or paste code that you do not understand. @ https://www.gstatic.com/_/mss/boq-identity/_/js/k=boq-identity.AccountsSignInUi.en.UggC3jMvhow.es5.O/am=Kf4GAACiCCQD4P__DxkACIAgGrieBaAJRAYAAAAAAAAAACwQACCN/d=1/excm=_b,_tp,accountchooserview/ed=1/dg=0/wt=2/ujg=1/rs=AOaEmlFBvDtRQpRyFqmrXhez7V9PB1FsXQ/dti=1/m=_b,_tp:467
[  148489ms] [VERBOSE] [DOM] Password field is not contained in a form: (More info: https://goo.gl/9p2vKq) %o @ https://accounts.google.com/v3/signin/identifier?app_domain=https%3A%2F%2Fapp.hubspot.com&client_id=466680526474.apps.googleusercontent.com&continue=https%3A%2F%2Faccounts.google.com%2Fsignin%2Foauth%2Fconsent%3Fauthuser%3Dunknown%26part%3DAJi8hAPfQq5N5TSGPX5E3sLkyOUKct27m69-kwVFDmae0WuY79_B09TKRZTaMVpgNcZiYjnVf0qC7WcUJt3hPvs3JA1vIW5tNTXiSsHG4SAAVoJDy8IlxMx3Uoa5xb9Rxj-7-UBFBwICjf0D7rQmu8odQtaamSw33O9mfL3DgdsP2vCJT8NXlEDi9dbH3wLSLuuYeaoeK1sprKBM_fUCuOUWe9oHDQNHDmn4PfXcXBXAM1YIY_JzCSFIVgyQ1hp06fgE4nCX2rhbNuPMoJRWzYrUf-DcacpnjsG80QxFfHk4fTCQFjxRoFU20wusylyL6mE0jHJVxAea3wcAO_CcCmo-uFunb04RlH_SV5CKfD67BqVfKfiJ3IH_OtkXaPLjHus_VKVWrDI4Fp9XFFBOzqmIBX_6Vhl1NCu2iObqAzSjmuLh6t04iP4%26flowName%3DGeneralOAuthFlow%26as%3DS-1174312277%253A1775424621371753%26client_id%3D466680526474.apps.googleusercontent.com%26requestPath%3D%252Fsignin%252Foauth%252Fconsent%23&dsh=S-1174312277%3A1775424621371753&flowName=GeneralOAuthFlow&nonce=CIuVt_zVMxIZAJ-ANN5fKptC9D_R7LyzQe4u6TJqjRcGahoDbmEx&o2v=1&opparams=%253F&prompt=select_account&redirect_uri=https%3A%2F%2Fapp.hubspot.com%2Flogin%2FgoogleLoginRedirect&response_type=id_token&scope=email%20profile&service=lso&state=%7B%22client%22%3A%22HUBSPOT%22%2C%22rememberLogin%22%3Atrue%2C%22loginPortalId%22%3A147341634%7D:0
[  153172ms] [WARNING] [quick-fetch] quickFetchScript was not included or running in Node.js environment. Falling back to stubbed implementation. @ https://static.hsappstatic.net/LoginUI/static-1.14755/bundles/project.js:1
[  153263ms] [LOG] safe no opener @ https://static.hsappstatic.net/LoginUI/static-1.14755/bundles/project.js:1
[  153269ms] [LOG] No CSRF Cookie found. @ https://static.hsappstatic.net/LoginUI/static-1.14755/bundles/project.js:25
[  153431ms] [WARNING] GTM ID is not present on the script tag - skipping GTM script injection @ https://www.hubspot.com/wt-assets/static-files/compliance/index.js:15
[  153644ms] [LOG] safe no opener @ https://static.hsappstatic.net/LoginUI/static-1.14755/bundles/project.js:1
[ 1906281ms] [WARNING] 01:59:44.185 Ably: Transport.onIdleTimerExpire(): No activity seen from realtime in 25101ms; assuming connection has dropped @ https://static.hsappstatic.net/whisper-core/static-1.8755/whisper-gateway.js:1
[ 1912298ms] [WARNING] WebSocket connection to 'wss://hubspot-eu1-realtime.ably.io/?access_token=07GgUw.FsKs0k3MRGDI8JIU9EHwmgfNq4eRCNfJonvoLnswMbB3uLgiPpqmNKwjyyRkOawz1B3oZ3VOTthOYhuLi3e2vf8M24ulNHJI-rGj4mFKAnWEeqWu0OchIqSQkZlwkpfd_n33Ryy-wTWj_9fhWF1KbA8DufgULH_9V50e4yIug2gg&resume=e91Hz-iCQCoD-h!LfSAjtNzMSAcwpSGSheykv-4bc4b4&format=json&heartbeats=true&v=2&agent=ably-js%252F1.2.43%2520browser' failed: WebSocket is closed before the connection is established. @ https://static.hsappstatic.net/whisper-core/static-1.8755/whisper-gateway.js:1
[ 1965650ms] [WARNING] 02:00:43.555 Ably: Request.onabort(): Request aborted due to request timeout expiring (event type: abort) @ https://static.hsappstatic.net/whisper-core/static-1.8755/whisper-gateway.js:1
[ 2003754ms] [WARNING] 02:01:21.658 Ably: Request.onerror(): XHR error occurred (event type: error) @ https://static.hsappstatic.net/whisper-core/static-1.8755/whisper-gateway.js:1
[ 2003754ms] [ERROR] Failed to load resource: net::ERR_CONNECTION_RESET @ https://internet-up.ably-realtime.com/is-the-internet-up.txt?rnd=949902137738766:0
[ 2081301ms] [WARNING] 02:02:39.206 Ably: Request.onabort(): Request aborted due to request timeout expiring (event type: abort) @ https://static.hsappstatic.net/whisper-core/static-1.8755/whisper-gateway.js:1
[ 2120506ms] [WARNING] 02:03:18.410 Ably: Request.ontimeout(): Request timed out (event type: timeout) @ https://static.hsappstatic.net/whisper-core/static-1.8755/whisper-gateway.js:1
[ 2120506ms] [ERROR] Failed to load resource: net::ERR_TIMED_OUT @ https://internet-up.ably-realtime.com/is-the-internet-up.txt?rnd=016999109396676926:0
[ 2121814ms] [ERROR] Failed to load resource: net::ERR_CONNECTION_RESET @ https://metrics-fe-eu1.hubspot.com/metrics/v1/frontend/send:0
[ 2173314ms] [WARNING] 02:04:11.219 Ably: Request.onabort(): Request aborted due to request timeout expiring (event type: abort) @ https://static.hsappstatic.net/whisper-core/static-1.8755/whisper-gateway.js:1
[ 2240410ms] [ERROR] Failed to load resource: the server responded with a status of 401 () @ https://hubspot-eu1-rest.ably.io/comet/connect?access_token=07GgUw.FsKs0k3MRGDI8JIU9EHwmgfNq4eRCNfJonvoLnswMbB3uLgiPpqmNKwjyyRkOawz1B3oZ3VOTthOYhuLi3e2vf8M24ulNHJI-rGj4mFKAnWEeqWu0OchIqSQkZlwkpfd_n33Ryy-wTWj_9fhWF1KbA8DufgULH_9V50e4yIug2gg&stream=false&heartbeats=true&v=2&agent=ably-js%252F1.2.43%2520browser&rnd=0018228499803818465:0
